生成启动时间为 2015/8/11 18:18:45。
     1>项目“D:\Github\Data-Structure\Linear List\360er\360er\360er.vcxproj”在节点 2 上(build 个目标)。
     1>PrepareForBuild:
         正在创建目录“D:\Github\Data-Structure\Linear List\360er\Debug\”。
       InitializeBuildStatus:
         正在创建“Debug\360er.unsuccessfulbuild”，因为已指定“AlwaysCreate”。
       ClCompile:
         C:\Program Files\Microsoft Visual Studio 10.0\VC\bin\CL.exe /c /ZI /nologo /W3 /WX- /Od /Oy- /D WIN32 /D _DEBUG /D _CONSOLE /D _UNICODE /D UNICODE /Gm /EHsc /RTC1 /MDd /GS /fp:precise /Zc:wchar_t /Zc:forScope /Fo"Debug\\" /Fd"Debug\vc100.pdb" /Gd /TP /analyze- /errorReport:prompt "find member.cpp"
         find member.cpp
     1>d:\github\data-structure\linear list\360er\360er\find member.cpp(5): warning C4101: “a”: 未引用的局部变量
     1>d:\github\data-structure\linear list\360er\360er\find member.cpp(22): warning C4996: 'scanf': This function or variable may be unsafe. Consider using scanf_s instead. To disable deprecation, use _CRT_SECURE_NO_WARNINGS. See online help for details.
                 c:\program files\microsoft visual studio 10.0\vc\include\stdio.h(304) : 参见“scanf”的声明
       ManifestResourceCompile:
         C:\Program Files\Microsoft SDKs\Windows\v7.0A\bin\rc.exe /nologo /fo"Debug\360er.exe.embed.manifest.res" Debug\360er_manifest.rc 
       Link:
         C:\Program Files\Microsoft Visual Studio 10.0\VC\bin\link.exe /ERRORREPORT:PROMPT /OUT:"D:\Github\Data-Structure\Linear List\360er\Debug\360er.exe" /INCREMENTAL /NOLOGO kernel32.lib user32.lib gdi32.lib winspool.lib comdlg32.lib advapi32.lib shell32.lib ole32.lib oleaut32.lib uuid.lib odbc32.lib odbccp32.lib /MANIFEST /ManifestFile:"Debug\360er.exe.intermediate.manifest" /MANIFESTUAC:"level='asInvoker' uiAccess='false'" /DEBUG /PDB:"D:\Github\Data-Structure\Linear List\360er\Debug\360er.pdb" /SUBSYSTEM:CONSOLE /TLBID:1 /DYNAMICBASE /NXCOMPAT /IMPLIB:"D:\Github\Data-Structure\Linear List\360er\Debug\360er.lib" /MACHINE:X86 Debug\360er.exe.embed.manifest.res
         "Debug\find member.obj"
       Manifest:
         C:\Program Files\Microsoft SDKs\Windows\v7.0A\bin\mt.exe /nologo /verbose /out:"Debug\360er.exe.embed.manifest" /manifest Debug\360er.exe.intermediate.manifest
         C:\Program Files\Microsoft SDKs\Windows\v7.0A\bin\rc.exe /nologo /fo"Debug\360er.exe.embed.manifest.res" Debug\360er_manifest.rc 
       LinkEmbedManifest:
         C:\Program Files\Microsoft Visual Studio 10.0\VC\bin\link.exe /ERRORREPORT:PROMPT /OUT:"D:\Github\Data-Structure\Linear List\360er\Debug\360er.exe" /INCREMENTAL /NOLOGO kernel32.lib user32.lib gdi32.lib winspool.lib comdlg32.lib advapi32.lib shell32.lib ole32.lib oleaut32.lib uuid.lib odbc32.lib odbccp32.lib /MANIFEST /ManifestFile:"Debug\360er.exe.intermediate.manifest" /MANIFESTUAC:"level='asInvoker' uiAccess='false'" /DEBUG /PDB:"D:\Github\Data-Structure\Linear List\360er\Debug\360er.pdb" /SUBSYSTEM:CONSOLE /TLBID:1 /DYNAMICBASE /NXCOMPAT /IMPLIB:"D:\Github\Data-Structure\Linear List\360er\Debug\360er.lib" /MACHINE:X86 Debug\360er.exe.embed.manifest.res
         "Debug\find member.obj"
         360er.vcxproj -> D:\Github\Data-Structure\Linear List\360er\Debug\360er.exe
       FinalizeBuildStatus:
         正在删除文件“Debug\360er.unsuccessfulbuild”。
         正在对“Debug\360er.lastbuildstate”执行 Touch 任务。
     1>已完成生成项目“D:\Github\Data-Structure\Linear List\360er\360er\360er.vcxproj”(build 个目标)的操作。

生成成功。

已用时间 00:00:02.30
