生成启动时间为 2015/8/6 16:24:06。
     1>项目“D:\Github\Data-Structure\Linear List\Linear List\Linear List\Linear List.vcxproj”在节点 2 上(build 个目标)。
     1>InitializeBuildStatus:
         正在对“Debug\Linear List.unsuccessfulbuild”执行 Touch 任务。
       ClCompile:
         C:\Program Files\Microsoft Visual Studio 10.0\VC\bin\CL.exe /c /ZI /nologo /W3 /WX- /Od /Oy- /D WIN32 /D _DEBUG /D _CONSOLE /D _UNICODE /D UNICODE /Gm /EHsc /RTC1 /MDd /GS /fp:precise /Zc:wchar_t /Zc:forScope /Fo"Debug\\" /Fd"Debug\vc100.pdb" /Gd /TP /analyze- /errorReport:prompt "Linear List First.cpp"
         Linear List First.cpp
     1>d:\github\data-structure\linear list\linear list\linear list\linear list first.cpp(62): warning C4996: 'scanf': This function or variable may be unsafe. Consider using scanf_s instead. To disable deprecation, use _CRT_SECURE_NO_WARNINGS. See online help for details.
                 c:\program files\microsoft visual studio 10.0\vc\include\stdio.h(304) : 参见“scanf”的声明
     1>d:\github\data-structure\linear list\linear list\linear list\linear list first.cpp(67): warning C4996: 'scanf': This function or variable may be unsafe. Consider using scanf_s instead. To disable deprecation, use _CRT_SECURE_NO_WARNINGS. See online help for details.
                 c:\program files\microsoft visual studio 10.0\vc\include\stdio.h(304) : 参见“scanf”的声明
     1>d:\github\data-structure\linear list\linear list\linear list\linear list first.cpp(101): warning C4996: 'scanf': This function or variable may be unsafe. Consider using scanf_s instead. To disable deprecation, use _CRT_SECURE_NO_WARNINGS. See online help for details.
                 c:\program files\microsoft visual studio 10.0\vc\include\stdio.h(304) : 参见“scanf”的声明
     1>d:\github\data-structure\linear list\linear list\linear list\linear list first.cpp(109): warning C4996: 'scanf': This function or variable may be unsafe. Consider using scanf_s instead. To disable deprecation, use _CRT_SECURE_NO_WARNINGS. See online help for details.
                 c:\program files\microsoft visual studio 10.0\vc\include\stdio.h(304) : 参见“scanf”的声明
     1>d:\github\data-structure\linear list\linear list\linear list\linear list first.cpp(111): warning C4996: 'scanf': This function or variable may be unsafe. Consider using scanf_s instead. To disable deprecation, use _CRT_SECURE_NO_WARNINGS. See online help for details.
                 c:\program files\microsoft visual studio 10.0\vc\include\stdio.h(304) : 参见“scanf”的声明
     1>d:\github\data-structure\linear list\linear list\linear list\linear list first.cpp(119): warning C4996: 'scanf': This function or variable may be unsafe. Consider using scanf_s instead. To disable deprecation, use _CRT_SECURE_NO_WARNINGS. See online help for details.
                 c:\program files\microsoft visual studio 10.0\vc\include\stdio.h(304) : 参见“scanf”的声明
     1>d:\github\data-structure\linear list\linear list\linear list\linear list first.cpp(54): warning C4715: “dellist”: 不是所有的控件路径都返回值
       ManifestResourceCompile:
         C:\Program Files\Microsoft SDKs\Windows\v7.0A\bin\rc.exe /nologo /fo"Debug\Linear List.exe.embed.manifest.res" "Debug\Linear List_manifest.rc" 
       Link:
         C:\Program Files\Microsoft Visual Studio 10.0\VC\bin\link.exe /ERRORREPORT:PROMPT /OUT:"D:\Github\Data-Structure\Linear List\Linear List\Debug\Linear List.exe" /INCREMENTAL /NOLOGO kernel32.lib user32.lib gdi32.lib winspool.lib comdlg32.lib advapi32.lib shell32.lib ole32.lib oleaut32.lib uuid.lib odbc32.lib odbccp32.lib /MANIFEST /ManifestFile:"Debug\Linear List.exe.intermediate.manifest" /MANIFESTUAC:"level='asInvoker' uiAccess='false'" /DEBUG /PDB:"D:\Github\Data-Structure\Linear List\Linear List\Debug\Linear List.pdb" /SUBSYSTEM:CONSOLE /TLBID:1 /DYNAMICBASE /NXCOMPAT /IMPLIB:"D:\Github\Data-Structure\Linear List\Linear List\Debug\Linear List.lib" /MACHINE:X86 "Debug\Linear List.exe.embed.manifest.res"
         "Debug\Linear List First.obj"
       Manifest:
         C:\Program Files\Microsoft SDKs\Windows\v7.0A\bin\mt.exe /nologo /verbose /out:"Debug\Linear List.exe.embed.manifest" /manifest "Debug\Linear List.exe.intermediate.manifest"
         C:\Program Files\Microsoft SDKs\Windows\v7.0A\bin\rc.exe /nologo /fo"Debug\Linear List.exe.embed.manifest.res" "Debug\Linear List_manifest.rc" 
       LinkEmbedManifest:
         C:\Program Files\Microsoft Visual Studio 10.0\VC\bin\link.exe /ERRORREPORT:PROMPT /OUT:"D:\Github\Data-Structure\Linear List\Linear List\Debug\Linear List.exe" /INCREMENTAL /NOLOGO kernel32.lib user32.lib gdi32.lib winspool.lib comdlg32.lib advapi32.lib shell32.lib ole32.lib oleaut32.lib uuid.lib odbc32.lib odbccp32.lib /MANIFEST /ManifestFile:"Debug\Linear List.exe.intermediate.manifest" /MANIFESTUAC:"level='asInvoker' uiAccess='false'" /DEBUG /PDB:"D:\Github\Data-Structure\Linear List\Linear List\Debug\Linear List.pdb" /SUBSYSTEM:CONSOLE /TLBID:1 /DYNAMICBASE /NXCOMPAT /IMPLIB:"D:\Github\Data-Structure\Linear List\Linear List\Debug\Linear List.lib" /MACHINE:X86 "Debug\Linear List.exe.embed.manifest.res"
         "Debug\Linear List First.obj"
         Linear List.vcxproj -> D:\Github\Data-Structure\Linear List\Linear List\Debug\Linear List.exe
       FinalizeBuildStatus:
         正在删除文件“Debug\Linear List.unsuccessfulbuild”。
         正在对“Debug\Linear List.lastbuildstate”执行 Touch 任务。
     1>已完成生成项目“D:\Github\Data-Structure\Linear List\Linear List\Linear List\Linear List.vcxproj”(build 个目标)的操作。

生成成功。

已用时间 00:00:03.67
